<?xml version="1.0" encoding="UTF-8" ?>
<testsuite tests="6" failures="0" name="k.cichocki.wipro.concurrent.PageCrawlerTest" time="0.255" errors="0" skipped="0">
  <properties>
[...]
</properties>
  <testcase classname="k.cichocki.wipro.concurrent.PageCrawlerTest" name="testCircullarLinks" time="0.236"/>
  <testcase classname="k.cichocki.wipro.concurrent.PageCrawlerTest" name="testConnectionError" time="0"/>
  <testcase classname="k.cichocki.wipro.concurrent.PageCrawlerTest" name="testResourceLink" time="0.001"/>
  <testcase classname="k.cichocki.wipro.concurrent.PageCrawlerTest" name="testEexternalLink" time="0.017"/>
  <testcase classname="k.cichocki.wipro.concurrent.PageCrawlerTest" name="testAlreadyCrawled" time="0"/>
  <testcase classname="k.cichocki.wipro.concurrent.PageCrawlerTest" name="testMalformedURL" time="0.001"/>
</testsuite>